2025-10-25T15:03:31.485+07:00  INFO 24252 --- [main] com.university.ManagementApplication     : Starting ManagementApplication using Java 21.0.8 with PID 24252 (D:\DTU\LAPTRINH\CS_445 DOAN CHUYEN NGANH TICH HOP\ums\ums-backend\target\classes started by Nguye in D:\DTU\LAPTRINH\CS_445 DOAN CHUYEN NGANH TICH HOP\ums\ums-backend)
2025-10-25T15:03:31.486+07:00 DEBUG 24252 --- [main] com.university.ManagementApplication     : Running with Spring Boot v3.5.5, Spring v6.2.10
2025-10-25T15:03:31.486+07:00  INFO 24252 --- [main] com.university.ManagementApplication     : No active profile set, falling back to 1 default profile: "default"
2025-10-25T15:03:32.225+07:00  INFO 24252 --- [main] .s.d.r.c.RepositoryConfigurationDelegate : Bootstrapping Spring Data JPA repositories in DEFAULT mode.
2025-10-25T15:03:32.337+07:00  INFO 24252 --- [main] .s.d.r.c.RepositoryConfigurationDelegate : Finished Spring Data repository scanning in 103 ms. Found 24 JPA repository interfaces.
2025-10-25T15:03:32.819+07:00  INFO 24252 --- [main] o.s.b.w.embedded.tomcat.TomcatWebServer  : Tomcat initialized with port 8080 (http)
2025-10-25T15:03:32.889+07:00  INFO 24252 --- [main] w.s.c.ServletWebServerApplicationContext : Root WebApplicationContext: initialization completed in 1358 ms
2025-10-25T15:03:33.053+07:00  INFO 24252 --- [main] o.hibernate.jpa.internal.util.LogHelper  : HHH000204: Processing PersistenceUnitInfo [name: default]
2025-10-25T15:03:33.115+07:00  INFO 24252 --- [main] org.hibernate.Version                    : HHH000412: Hibernate ORM core version 6.6.26.Final
2025-10-25T15:03:33.151+07:00  INFO 24252 --- [main] o.h.c.internal.RegionFactoryInitiator    : HHH000026: Second-level cache disabled
2025-10-25T15:03:33.442+07:00  INFO 24252 --- [main] com.zaxxer.hikari.HikariDataSource       : HikariPool-1 - Starting...
2025-10-25T15:03:35.629+07:00  INFO 24252 --- [main] com.zaxxer.hikari.pool.HikariPool        : HikariPool-1 - Added connection org.postgresql.jdbc.PgConnection@1530d0f2
2025-10-25T15:03:35.629+07:00  INFO 24252 --- [main] com.zaxxer.hikari.HikariDataSource       : HikariPool-1 - Start completed.
2025-10-25T15:03:36.807+07:00  INFO 24252 --- [main] org.hibernate.orm.connections.pooling    : HHH10001005: Database info:
	Database JDBC URL [Connecting through datasource 'HikariDataSource (HikariPool-1)']
	Database driver: undefined/unknown
	Database version: 17.6
	Autocommit mode: undefined/unknown
	Isolation level: undefined/unknown
	Minimum pool size: undefined/unknown
	Maximum pool size: undefined/unknown
2025-10-25T15:03:37.879+07:00  INFO 24252 --- [main] o.h.e.t.j.p.i.JtaPlatformInitiator       : HHH000489: No JTA platform available (set 'hibernate.transaction.jta.platform' to enable JTA platform integration)
2025-10-25T15:03:38.100+07:00  INFO 24252 --- [main] o.s.d.j.r.query.QueryEnhancerFactory     : Hibernate is in classpath; If applicable, HQL parser will be used.
2025-10-25T15:03:40.130+07:00  INFO 24252 --- [main] o.s.b.w.embedded.tomcat.TomcatWebServer  : Tomcat started on port 8080 (http) with context path '/'
2025-10-25T15:03:40.138+07:00  INFO 24252 --- [main] com.university.ManagementApplication     : Started ManagementApplication in 9.081 seconds (process running for 9.377)
2025-10-25T15:22:56.062+07:00  INFO 24252 --- [SpringApplicationShutdownHook] o.s.b.w.e.tomcat.GracefulShutdown        : Commencing graceful shutdown. Waiting for active requests to complete
2025-10-25T15:22:56.067+07:00  INFO 24252 --- [tomcat-shutdown] o.s.b.w.e.tomcat.GracefulShutdown        : Graceful shutdown complete
2025-10-25T15:22:56.074+07:00  INFO 24252 --- [SpringApplicationShutdownHook] com.zaxxer.hikari.HikariDataSource       : HikariPool-1 - Shutdown initiated...
2025-10-25T15:22:58.117+07:00  INFO 24252 --- [SpringApplicationShutdownHook] com.zaxxer.hikari.HikariDataSource       : HikariPool-1 - Shutdown completed.
